2026-03-15 21:08:53,972 [WARNING] PyNaCl is not installed, voice will NOT be supported
2026-03-15 21:08:53,975 [WARNING] Privileged message content intent is missing, commands may not work as expected.
2026-03-15 21:08:53,975 [INFO] logging in using static token
2026-03-15 21:08:54,557 [INFO] Shard ID None has connected to Gateway (Session ID: 009e3dcc7e8d2e8a24ed7ea6f801a28b).
2026-03-15 21:08:56,648 [INFO] Logged in as TankPitBot#0095
2026-03-15 21:08:56,649 [INFO] Award command synced.
2026-03-15 21:23:35,584 [WARNING] PyNaCl is not installed, voice will NOT be supported
2026-03-15 21:23:35,586 [WARNING] Privileged message content intent is missing, commands may not work as expected.
2026-03-15 21:23:35,587 [INFO] logging in using static token
2026-03-15 21:23:36,645 [INFO] Shard ID None has connected to Gateway (Session ID: 0a74b1c22e072bb5026073b92edcff18).
2026-03-15 21:23:38,862 [INFO] Logged in as TankPitBot#0095
2026-03-15 21:23:38,862 [INFO] Award command synced.
2026-03-15 21:23:53,339 [INFO] /award: Grimlock | awards=[] | color=None
2026-03-15 21:24:37,864 [INFO] /award: Grimlock | awards=[] | color=None
2026-03-15 21:25:13,087 [INFO] /award: Grimlock, | awards=['single_star'] | color=Purple
2026-03-15 21:27:41,195 [WARNING] PyNaCl is not installed, voice will NOT be supported
2026-03-15 21:27:41,198 [WARNING] Privileged message content intent is missing, commands may not work as expected.
2026-03-15 21:27:41,198 [INFO] logging in using static token
2026-03-15 21:27:39,504 [INFO] Shard ID None has connected to Gateway (Session ID: 6231fcfb719b4573c97ffefe4e3d0a51).
2026-03-15 21:27:41,624 [INFO] Logged in as TankPitBot#0095
2026-03-15 21:27:41,624 [INFO] Award command synced.
2026-03-15 21:28:00,253 [ERROR] /award failed for 'Grimlock': 404 Not Found (error code: 10062): Unknown interaction
Traceback (most recent call last):
  File "/home/ukhan/tankpit-bot-legacy/bot.py", line 241, in award
    await interaction.response.defer()
  File "/home/ukhan/tankpit-bot-legacy/venv/lib/python3.12/site-packages/discord/interactions.py", line 858, in defer
    response = await adapter.create_interaction_response(
               ^^^^^^^^^^^^^^^^^^^^^^^^^^^^^^^^^^^^^^^^^^
  File "/home/ukhan/tankpit-bot-legacy/venv/lib/python3.12/site-packages/discord/webhook/async_.py", line 224, in request
    raise NotFound(response, data)
discord.errors.NotFound: 404 Not Found (error code: 10062): Unknown interaction
2026-03-15 21:28:11,182 [INFO] /award: Grimlock | awards=[] | color=None
2026-03-15 21:38:16,205 [WARNING] PyNaCl is not installed, voice will NOT be supported
2026-03-15 21:38:16,207 [WARNING] Privileged message content intent is missing, commands may not work as expected.
2026-03-15 21:38:16,207 [INFO] logging in using static token
2026-03-15 21:38:16,731 [INFO] Shard ID None has connected to Gateway (Session ID: 79e68045321316b037594772b244fbaa).
2026-03-15 21:38:18,899 [INFO] Logged in as TankPitBot#0095
2026-03-15 21:38:18,899 [INFO] Award command synced.
2026-03-15 21:38:53,782 [ERROR] /award failed for 'Grimlock': 404 Not Found (error code: 10062): Unknown interaction
Traceback (most recent call last):
  File "/home/ukhan/tankpit-bot-legacy/bot.py", line 260, in award
    await interaction.response.defer()
  File "/home/ukhan/tankpit-bot-legacy/venv/lib/python3.12/site-packages/discord/interactions.py", line 858, in defer
    response = await adapter.create_interaction_response(
               ^^^^^^^^^^^^^^^^^^^^^^^^^^^^^^^^^^^^^^^^^^
  File "/home/ukhan/tankpit-bot-legacy/venv/lib/python3.12/site-packages/discord/webhook/async_.py", line 224, in request
    raise NotFound(response, data)
discord.errors.NotFound: 404 Not Found (error code: 10062): Unknown interaction
2026-03-15 21:44:47,212 [WARNING] PyNaCl is not installed, voice will NOT be supported
2026-03-15 21:44:47,213 [WARNING] Privileged message content intent is missing, commands may not work as expected.
2026-03-15 21:44:47,214 [INFO] logging in using static token
2026-03-15 21:44:47,985 [INFO] Shard ID None has connected to Gateway (Session ID: c4ec5e7106eceb8279efe755d5fca1dc).
2026-03-15 21:44:50,131 [INFO] Logged in as TankPitBot#0095
2026-03-15 21:44:50,131 [INFO] Award command synced.
2026-03-15 21:45:28,794 [INFO] /award: Grimlock | awards=['triple_star', 'golden_tank', 'battle_honor'] | color=Purple | size=Medium
2026-03-15 21:45:56,546 [INFO] /award: Grimlock | awards=['triple_star', 'heroic_honor', 'lightbulb'] | color=Purple | size=Large
2026-03-15 21:49:34,490 [WARNING] PyNaCl is not installed, voice will NOT be supported
2026-03-15 21:49:34,492 [WARNING] Privileged message content intent is missing, commands may not work as expected.
2026-03-15 21:49:34,492 [INFO] logging in using static token
2026-03-15 21:49:35,250 [INFO] Shard ID None has connected to Gateway (Session ID: 033d699c4c314a30d41439197b169ee4).
2026-03-15 21:49:37,360 [INFO] Logged in as TankPitBot#0095
2026-03-15 21:49:37,360 [INFO] Award command synced.
2026-03-15 21:50:08,998 [INFO] /award: Grimlock | awards=['triple_star', 'battle_honor', 'defender_truth', 'purple_heart', 'lightbulb'] | color=Purple | size=Default
2026-03-15 21:50:15,430 [INFO] /award: Grimlock | awards=['triple_star', 'battle_honor', 'defender_truth', 'purple_heart', 'lightbulb'] | color=Purple | size=Large
2026-03-15 21:59:53,621 [WARNING] PyNaCl is not installed, voice will NOT be supported
2026-03-15 21:59:53,623 [WARNING] Privileged message content intent is missing, commands may not work as expected.
2026-03-15 21:59:53,623 [INFO] logging in using static token
2026-03-15 21:59:54,202 [INFO] Shard ID None has connected to Gateway (Session ID: 9f7e17babb816190c86ad3097dba932e).
2026-03-15 21:59:56,288 [INFO] Logged in as TankPitBot#0095
2026-03-15 21:59:56,288 [INFO] Award command synced.
2026-03-15 22:00:20,779 [INFO] /award: Grimlock | awards=['triple_star'] | color=Red | size=Large
2026-03-15 22:00:38,924 [INFO] /award: Stoner | awards=['triple_star', 'rusty_sword', 'war_correspondent', 'lightbulb'] | color=Red | size=Large
2026-03-15 22:27:23,257 [WARNING] PyNaCl is not installed, voice will NOT be supported
2026-03-15 22:27:23,259 [WARNING] Privileged message content intent is missing, commands may not work as expected.
2026-03-15 22:27:23,259 [INFO] logging in using static token
2026-03-15 22:27:23,783 [INFO] Shard ID None has connected to Gateway (Session ID: fee29186bb07d6ec33c3f90f16f30e3e).
2026-03-15 22:27:25,940 [INFO] Synced 1 command(s) to guild 615551999701811221
2026-03-15 22:27:26,070 [INFO] Synced 1 command(s) to guild 311890399767822359
2026-03-15 22:27:26,070 [INFO] Logged in as TankPitBot#0095
2026-03-15 22:27:44,784 [ERROR] Unhandled app command error: Command 'award' raised an exception: NotFound: 404 Not Found (error code: 10062): Unknown interaction
Traceback (most recent call last):
  File "/home/ukhan/tankpit-bot-legacy/venv/lib/python3.12/site-packages/discord/app_commands/commands.py", line 859, in _do_call
    return await self._callback(interaction, **params)  # type: ignore
           ^^^^^^^^^^^^^^^^^^^^^^^^^^^^^^^^^^^^^^^^^^^
  File "/home/ukhan/tankpit-bot-legacy/bot.py", line 348, in award
    await interaction.response.send_message(_award_content(name), view=view, ephemeral=True)
  File "/home/ukhan/tankpit-bot-legacy/venv/lib/python3.12/site-packages/discord/interactions.py", line 1051, in send_message
    response = await adapter.create_interaction_response(
               ^^^^^^^^^^^^^^^^^^^^^^^^^^^^^^^^^^^^^^^^^^
  File "/home/ukhan/tankpit-bot-legacy/venv/lib/python3.12/site-packages/discord/webhook/async_.py", line 224, in request
    raise NotFound(response, data)
discord.errors.NotFound: 404 Not Found (error code: 10062): Unknown interaction

The above exception was the direct cause of the following exception:

Traceback (most recent call last):
  File "/home/ukhan/tankpit-bot-legacy/venv/lib/python3.12/site-packages/discord/app_commands/tree.py", line 1297, in _call
    await command._invoke_with_namespace(interaction, namespace)
  File "/home/ukhan/tankpit-bot-legacy/venv/lib/python3.12/site-packages/discord/app_commands/commands.py", line 884, in _invoke_with_namespace
    return await self._do_call(interaction, transformed_values)
           ^^^^^^^^^^^^^^^^^^^^^^^^^^^^^^^^^^^^^^^^^^^^^^^^^^^^
  File "/home/ukhan/tankpit-bot-legacy/venv/lib/python3.12/site-packages/discord/app_commands/commands.py", line 877, in _do_call
    raise CommandInvokeError(self, e) from e
discord.app_commands.errors.CommandInvokeError: Command 'award' raised an exception: NotFound: 404 Not Found (error code: 10062): Unknown interaction
2026-03-15 22:27:44,834 [ERROR] Task exception was never retrieved
future: <Task finished name='CommandTree-invoker' coro=<CommandTree._from_interaction.<locals>.wrapper() done, defined at /home/ukhan/tankpit-bot-legacy/venv/lib/python3.12/site-packages/discord/app_commands/tree.py:1136> exception=NotFound('404 Not Found (error code: 10062): Unknown interaction')>
Traceback (most recent call last):
  File "/home/ukhan/tankpit-bot-legacy/venv/lib/python3.12/site-packages/discord/app_commands/commands.py", line 859, in _do_call
    return await self._callback(interaction, **params)  # type: ignore
           ^^^^^^^^^^^^^^^^^^^^^^^^^^^^^^^^^^^^^^^^^^^
  File "/home/ukhan/tankpit-bot-legacy/bot.py", line 348, in award
    await interaction.response.send_message(_award_content(name), view=view, ephemeral=True)
  File "/home/ukhan/tankpit-bot-legacy/venv/lib/python3.12/site-packages/discord/interactions.py", line 1051, in send_message
    response = await adapter.create_interaction_response(
               ^^^^^^^^^^^^^^^^^^^^^^^^^^^^^^^^^^^^^^^^^^
  File "/home/ukhan/tankpit-bot-legacy/venv/lib/python3.12/site-packages/discord/webhook/async_.py", line 224, in request
    raise NotFound(response, data)
discord.errors.NotFound: 404 Not Found (error code: 10062): Unknown interaction

The above exception was the direct cause of the following exception:

Traceback (most recent call last):
  File "/home/ukhan/tankpit-bot-legacy/venv/lib/python3.12/site-packages/discord/app_commands/tree.py", line 1297, in _call
    await command._invoke_with_namespace(interaction, namespace)
  File "/home/ukhan/tankpit-bot-legacy/venv/lib/python3.12/site-packages/discord/app_commands/commands.py", line 884, in _invoke_with_namespace
    return await self._do_call(interaction, transformed_values)
           ^^^^^^^^^^^^^^^^^^^^^^^^^^^^^^^^^^^^^^^^^^^^^^^^^^^^
  File "/home/ukhan/tankpit-bot-legacy/venv/lib/python3.12/site-packages/discord/app_commands/commands.py", line 877, in _do_call
    raise CommandInvokeError(self, e) from e
discord.app_commands.errors.CommandInvokeError: Command 'award' raised an exception: NotFound: 404 Not Found (error code: 10062): Unknown interaction

During handling of the above exception, another exception occurred:

Traceback (most recent call last):
  File "/home/ukhan/tankpit-bot-legacy/venv/lib/python3.12/site-packages/discord/app_commands/tree.py", line 1138, in wrapper
    await self._call(interaction)
  File "/home/ukhan/tankpit-bot-legacy/venv/lib/python3.12/site-packages/discord/app_commands/tree.py", line 1301, in _call
    await self.on_error(interaction, e)
  File "/home/ukhan/tankpit-bot-legacy/bot.py", line 368, in on_app_command_error
    await interaction.response.send_message(f"Unexpected error: `{error}`", ephemeral=True)
  File "/home/ukhan/tankpit-bot-legacy/venv/lib/python3.12/site-packages/discord/interactions.py", line 1051, in send_message
    response = await adapter.create_interaction_response(
               ^^^^^^^^^^^^^^^^^^^^^^^^^^^^^^^^^^^^^^^^^^
  File "/home/ukhan/tankpit-bot-legacy/venv/lib/python3.12/site-packages/discord/webhook/async_.py", line 224, in request
    raise NotFound(response, data)
discord.errors.NotFound: 404 Not Found (error code: 10062): Unknown interaction
2026-03-15 22:30:38,212 [WARNING] PyNaCl is not installed, voice will NOT be supported
2026-03-15 22:30:38,214 [WARNING] Privileged message content intent is missing, commands may not work as expected.
2026-03-15 22:30:38,214 [INFO] logging in using static token
2026-03-15 22:30:38,775 [INFO] Shard ID None has connected to Gateway (Session ID: 01d16a0e60129ae0050b0ea1e2e2c3e0).
2026-03-15 22:30:58,552 [INFO] /award: Grimlock | awards=['single_star'] | color=Blue | size=Medium
2026-03-15 22:31:15,800 [INFO] Synced 1 command(s) to guild 615551999701811221
2026-03-15 22:31:15,874 [INFO] Synced 1 command(s) to guild 311890399767822359
2026-03-15 22:31:15,874 [INFO] Logged in as TankPitBot#0095
2026-03-15 22:31:32,203 [INFO] /award: Grimlock | awards=['triple_star', 'heroic_honor', 'rusty_sword', 'defender_truth', 'gold_cup', 'war_correspondent'] | color=Blue | size=Medium
2026-03-15 22:31:38,398 [INFO] /award: Grimlock | awards=['triple_star', 'heroic_honor', 'rusty_sword', 'defender_truth', 'gold_cup', 'war_correspondent'] | color=Blue | size=Large
2026-03-15 22:31:44,599 [INFO] /award: Grimlock | awards=['triple_star', 'heroic_honor', 'rusty_sword', 'defender_truth', 'gold_cup', 'war_correspondent'] | color=Orange | size=Large
2026-03-15 22:57:38,273 [WARNING] PyNaCl is not installed, voice will NOT be supported
2026-03-15 22:57:38,275 [WARNING] Privileged message content intent is missing, commands may not work as expected.
2026-03-15 22:57:38,275 [INFO] logging in using static token
2026-03-15 22:57:38,869 [INFO] Shard ID None has connected to Gateway (Session ID: 6fb89af772a21a1043847e89561fa2bb).
2026-03-15 22:57:39,310 [INFO] Synced 1 command(s) to guild 615551999701811221
2026-03-15 22:57:39,419 [INFO] Synced 1 command(s) to guild 311890399767822359
2026-03-15 22:57:39,419 [INFO] Logged in as TankPitBot#0095
2026-03-15 22:58:36,640 [INFO] /award: Grimlock | awards=['triple_star', 'combat_honor', 'rusty_sword', 'defender_truth', 'gold_cup', 'lightbulb'] | color=Orange | size=Medium
2026-03-15 23:00:41,721 [ERROR] Unhandled app command error: Command 'award' raised an exception: NotFound: 404 Not Found (error code: 10062): Unknown interaction
Traceback (most recent call last):
  File "/home/ukhan/tankpit-bot-legacy/venv/lib/python3.12/site-packages/discord/app_commands/commands.py", line 859, in _do_call
    return await self._callback(interaction, **params)  # type: ignore
           ^^^^^^^^^^^^^^^^^^^^^^^^^^^^^^^^^^^^^^^^^^^
  File "/home/ukhan/tankpit-bot-legacy/bot.py", line 348, in award
    await interaction.response.send_message(_award_content(name), view=view, ephemeral=True)
  File "/home/ukhan/tankpit-bot-legacy/venv/lib/python3.12/site-packages/discord/interactions.py", line 1051, in send_message
    response = await adapter.create_interaction_response(
               ^^^^^^^^^^^^^^^^^^^^^^^^^^^^^^^^^^^^^^^^^^
  File "/home/ukhan/tankpit-bot-legacy/venv/lib/python3.12/site-packages/discord/webhook/async_.py", line 224, in request
    raise NotFound(response, data)
discord.errors.NotFound: 404 Not Found (error code: 10062): Unknown interaction

The above exception was the direct cause of the following exception:

Traceback (most recent call last):
  File "/home/ukhan/tankpit-bot-legacy/venv/lib/python3.12/site-packages/discord/app_commands/tree.py", line 1297, in _call
    await command._invoke_with_namespace(interaction, namespace)
  File "/home/ukhan/tankpit-bot-legacy/venv/lib/python3.12/site-packages/discord/app_commands/commands.py", line 884, in _invoke_with_namespace
    return await self._do_call(interaction, transformed_values)
           ^^^^^^^^^^^^^^^^^^^^^^^^^^^^^^^^^^^^^^^^^^^^^^^^^^^^
  File "/home/ukhan/tankpit-bot-legacy/venv/lib/python3.12/site-packages/discord/app_commands/commands.py", line 877, in _do_call
    raise CommandInvokeError(self, e) from e
discord.app_commands.errors.CommandInvokeError: Command 'award' raised an exception: NotFound: 404 Not Found (error code: 10062): Unknown interaction
2026-03-15 23:00:41,781 [ERROR] Task exception was never retrieved
future: <Task finished name='CommandTree-invoker' coro=<CommandTree._from_interaction.<locals>.wrapper() done, defined at /home/ukhan/tankpit-bot-legacy/venv/lib/python3.12/site-packages/discord/app_commands/tree.py:1136> exception=NotFound('404 Not Found (error code: 10062): Unknown interaction')>
Traceback (most recent call last):
  File "/home/ukhan/tankpit-bot-legacy/venv/lib/python3.12/site-packages/discord/app_commands/commands.py", line 859, in _do_call
    return await self._callback(interaction, **params)  # type: ignore
           ^^^^^^^^^^^^^^^^^^^^^^^^^^^^^^^^^^^^^^^^^^^
  File "/home/ukhan/tankpit-bot-legacy/bot.py", line 348, in award
    await interaction.response.send_message(_award_content(name), view=view, ephemeral=True)
  File "/home/ukhan/tankpit-bot-legacy/venv/lib/python3.12/site-packages/discord/interactions.py", line 1051, in send_message
    response = await adapter.create_interaction_response(
               ^^^^^^^^^^^^^^^^^^^^^^^^^^^^^^^^^^^^^^^^^^
  File "/home/ukhan/tankpit-bot-legacy/venv/lib/python3.12/site-packages/discord/webhook/async_.py", line 224, in request
    raise NotFound(response, data)
discord.errors.NotFound: 404 Not Found (error code: 10062): Unknown interaction

The above exception was the direct cause of the following exception:

Traceback (most recent call last):
  File "/home/ukhan/tankpit-bot-legacy/venv/lib/python3.12/site-packages/discord/app_commands/tree.py", line 1297, in _call
    await command._invoke_with_namespace(interaction, namespace)
  File "/home/ukhan/tankpit-bot-legacy/venv/lib/python3.12/site-packages/discord/app_commands/commands.py", line 884, in _invoke_with_namespace
    return await self._do_call(interaction, transformed_values)
           ^^^^^^^^^^^^^^^^^^^^^^^^^^^^^^^^^^^^^^^^^^^^^^^^^^^^
  File "/home/ukhan/tankpit-bot-legacy/venv/lib/python3.12/site-packages/discord/app_commands/commands.py", line 877, in _do_call
    raise CommandInvokeError(self, e) from e
discord.app_commands.errors.CommandInvokeError: Command 'award' raised an exception: NotFound: 404 Not Found (error code: 10062): Unknown interaction

During handling of the above exception, another exception occurred:

Traceback (most recent call last):
  File "/home/ukhan/tankpit-bot-legacy/venv/lib/python3.12/site-packages/discord/app_commands/tree.py", line 1138, in wrapper
    await self._call(interaction)
  File "/home/ukhan/tankpit-bot-legacy/venv/lib/python3.12/site-packages/discord/app_commands/tree.py", line 1301, in _call
    await self.on_error(interaction, e)
  File "/home/ukhan/tankpit-bot-legacy/bot.py", line 368, in on_app_command_error
    await interaction.response.send_message(f"Unexpected error: `{error}`", ephemeral=True)
  File "/home/ukhan/tankpit-bot-legacy/venv/lib/python3.12/site-packages/discord/interactions.py", line 1051, in send_message
    response = await adapter.create_interaction_response(
               ^^^^^^^^^^^^^^^^^^^^^^^^^^^^^^^^^^^^^^^^^^
  File "/home/ukhan/tankpit-bot-legacy/venv/lib/python3.12/site-packages/discord/webhook/async_.py", line 224, in request
    raise NotFound(response, data)
discord.errors.NotFound: 404 Not Found (error code: 10062): Unknown interaction
2026-03-15 23:01:05,807 [INFO] /award: Grimlock | awards=['triple_star'] | color=Purple | size=Large
2026-03-15 23:08:49,261 [WARNING] PyNaCl is not installed, voice will NOT be supported
2026-03-15 23:08:49,263 [WARNING] Privileged message content intent is missing, commands may not work as expected.
2026-03-15 23:08:49,263 [INFO] logging in using static token
2026-03-15 23:08:49,867 [INFO] Shard ID None has connected to Gateway (Session ID: 31ef5289463000284049cab2215e4f94).
2026-03-15 23:08:52,011 [INFO] Synced 2 command(s) to guild 615551999701811221
2026-03-15 23:08:52,125 [INFO] Synced 2 command(s) to guild 311890399767822359
2026-03-15 23:08:52,125 [INFO] Logged in as TankPitBot#0095
2026-03-15 23:09:04,587 [ERROR] Unhandled app command error: Command 'award' raised an exception: NotFound: 404 Not Found (error code: 10062): Unknown interaction
Traceback (most recent call last):
  File "/home/ukhan/tankpit-bot-legacy/venv/lib/python3.12/site-packages/discord/app_commands/commands.py", line 859, in _do_call
    return await self._callback(interaction, **params)  # type: ignore
           ^^^^^^^^^^^^^^^^^^^^^^^^^^^^^^^^^^^^^^^^^^^
  File "/home/ukhan/tankpit-bot-legacy/bot.py", line 348, in award
    view = AwardSelectionView(name)
  File "/home/ukhan/tankpit-bot-legacy/venv/lib/python3.12/site-packages/discord/interactions.py", line 1051, in send_message
    response = await adapter.create_interaction_response(
               ^^^^^^^^^^^^^^^^^^^^^^^^^^^^^^^^^^^^^^^^^^
  File "/home/ukhan/tankpit-bot-legacy/venv/lib/python3.12/site-packages/discord/webhook/async_.py", line 224, in request
    raise NotFound(response, data)
discord.errors.NotFound: 404 Not Found (error code: 10062): Unknown interaction

The above exception was the direct cause of the following exception:

Traceback (most recent call last):
  File "/home/ukhan/tankpit-bot-legacy/venv/lib/python3.12/site-packages/discord/app_commands/tree.py", line 1297, in _call
    await command._invoke_with_namespace(interaction, namespace)
  File "/home/ukhan/tankpit-bot-legacy/venv/lib/python3.12/site-packages/discord/app_commands/commands.py", line 884, in _invoke_with_namespace
    return await self._do_call(interaction, transformed_values)
           ^^^^^^^^^^^^^^^^^^^^^^^^^^^^^^^^^^^^^^^^^^^^^^^^^^^^
  File "/home/ukhan/tankpit-bot-legacy/venv/lib/python3.12/site-packages/discord/app_commands/commands.py", line 877, in _do_call
    raise CommandInvokeError(self, e) from e
discord.app_commands.errors.CommandInvokeError: Command 'award' raised an exception: NotFound: 404 Not Found (error code: 10062): Unknown interaction
2026-03-15 23:09:04,636 [ERROR] Task exception was never retrieved
future: <Task finished name='CommandTree-invoker' coro=<CommandTree._from_interaction.<locals>.wrapper() done, defined at /home/ukhan/tankpit-bot-legacy/venv/lib/python3.12/site-packages/discord/app_commands/tree.py:1136> exception=NotFound('404 Not Found (error code: 10062): Unknown interaction')>
Traceback (most recent call last):
  File "/home/ukhan/tankpit-bot-legacy/venv/lib/python3.12/site-packages/discord/app_commands/commands.py", line 859, in _do_call
    return await self._callback(interaction, **params)  # type: ignore
           ^^^^^^^^^^^^^^^^^^^^^^^^^^^^^^^^^^^^^^^^^^^
  File "/home/ukhan/tankpit-bot-legacy/bot.py", line 348, in award
    view = AwardSelectionView(name)
  File "/home/ukhan/tankpit-bot-legacy/venv/lib/python3.12/site-packages/discord/interactions.py", line 1051, in send_message
    response = await adapter.create_interaction_response(
               ^^^^^^^^^^^^^^^^^^^^^^^^^^^^^^^^^^^^^^^^^^
  File "/home/ukhan/tankpit-bot-legacy/venv/lib/python3.12/site-packages/discord/webhook/async_.py", line 224, in request
    raise NotFound(response, data)
discord.errors.NotFound: 404 Not Found (error code: 10062): Unknown interaction

The above exception was the direct cause of the following exception:

Traceback (most recent call last):
  File "/home/ukhan/tankpit-bot-legacy/venv/lib/python3.12/site-packages/discord/app_commands/tree.py", line 1297, in _call
    await command._invoke_with_namespace(interaction, namespace)
  File "/home/ukhan/tankpit-bot-legacy/venv/lib/python3.12/site-packages/discord/app_commands/commands.py", line 884, in _invoke_with_namespace
    return await self._do_call(interaction, transformed_values)
           ^^^^^^^^^^^^^^^^^^^^^^^^^^^^^^^^^^^^^^^^^^^^^^^^^^^^
  File "/home/ukhan/tankpit-bot-legacy/venv/lib/python3.12/site-packages/discord/app_commands/commands.py", line 877, in _do_call
    raise CommandInvokeError(self, e) from e
discord.app_commands.errors.CommandInvokeError: Command 'award' raised an exception: NotFound: 404 Not Found (error code: 10062): Unknown interaction

During handling of the above exception, another exception occurred:

Traceback (most recent call last):
  File "/home/ukhan/tankpit-bot-legacy/venv/lib/python3.12/site-packages/discord/app_commands/tree.py", line 1138, in wrapper
    await self._call(interaction)
  File "/home/ukhan/tankpit-bot-legacy/venv/lib/python3.12/site-packages/discord/app_commands/tree.py", line 1301, in _call
    await self.on_error(interaction, e)
  File "/home/ukhan/tankpit-bot-legacy/bot.py", line 368, in on_app_command_error
    ("Cup",     ["Bronze Cup", "Silver Cup", "Gold Cup"]),
        ^^^^^^^^^^^^^^^^^^^^^^^^^^^^^^^^^^^^^^^^^^^^^^^^^^^
  File "/home/ukhan/tankpit-bot-legacy/venv/lib/python3.12/site-packages/discord/interactions.py", line 1051, in send_message
    response = await adapter.create_interaction_response(
               ^^^^^^^^^^^^^^^^^^^^^^^^^^^^^^^^^^^^^^^^^^
  File "/home/ukhan/tankpit-bot-legacy/venv/lib/python3.12/site-packages/discord/webhook/async_.py", line 224, in request
    raise NotFound(response, data)
discord.errors.NotFound: 404 Not Found (error code: 10062): Unknown interaction
2026-03-15 23:09:13,826 [INFO] /award: Grimlock | awards=['triple_star'] | color=Orange | size=Large
2026-03-15 23:09:30,607 [ERROR] Unhandled app command error: Application command 'tank' not found
Traceback (most recent call last):
  File "/home/ukhan/tankpit-bot-legacy/venv/lib/python3.12/site-packages/discord/app_commands/tree.py", line 1138, in wrapper
    await self._call(interaction)
  File "/home/ukhan/tankpit-bot-legacy/venv/lib/python3.12/site-packages/discord/app_commands/tree.py", line 1270, in _call
    command, options = self._get_app_command_options(data)
                       ^^^^^^^^^^^^^^^^^^^^^^^^^^^^^^^^^^^
  File "/home/ukhan/tankpit-bot-legacy/venv/lib/python3.12/site-packages/discord/app_commands/tree.py", line 1174, in _get_app_command_options
    raise CommandNotFound(name, parents)
discord.app_commands.errors.CommandNotFound: Application command 'tank' not found
2026-03-15 23:09:30,705 [ERROR] Unhandled app command error: Command 'tank' raised an exception: NotFound: 404 Not Found (error code: 10062): Unknown interaction
Traceback (most recent call last):
  File "/home/ukhan/tankpit-bot-legacy/venv/lib/python3.12/site-packages/discord/app_commands/commands.py", line 859, in _do_call
    return await self._callback(interaction, **params)  # type: ignore
           ^^^^^^^^^^^^^^^^^^^^^^^^^^^^^^^^^^^^^^^^^^^
  File "/home/ukhan/tankpit-bot-legacy/bot.py", line 488, in tank_lookup
    await interaction.response.defer(ephemeral=True)
  File "/home/ukhan/tankpit-bot-legacy/venv/lib/python3.12/site-packages/discord/interactions.py", line 858, in defer
    response = await adapter.create_interaction_response(
               ^^^^^^^^^^^^^^^^^^^^^^^^^^^^^^^^^^^^^^^^^^
  File "/home/ukhan/tankpit-bot-legacy/venv/lib/python3.12/site-packages/discord/webhook/async_.py", line 224, in request
    raise NotFound(response, data)
discord.errors.NotFound: 404 Not Found (error code: 10062): Unknown interaction

The above exception was the direct cause of the following exception:

Traceback (most recent call last):
  File "/home/ukhan/tankpit-bot-legacy/venv/lib/python3.12/site-packages/discord/app_commands/tree.py", line 1297, in _call
    await command._invoke_with_namespace(interaction, namespace)
  File "/home/ukhan/tankpit-bot-legacy/venv/lib/python3.12/site-packages/discord/app_commands/commands.py", line 884, in _invoke_with_namespace
    return await self._do_call(interaction, transformed_values)
           ^^^^^^^^^^^^^^^^^^^^^^^^^^^^^^^^^^^^^^^^^^^^^^^^^^^^
  File "/home/ukhan/tankpit-bot-legacy/venv/lib/python3.12/site-packages/discord/app_commands/commands.py", line 877, in _do_call
    raise CommandInvokeError(self, e) from e
discord.app_commands.errors.CommandInvokeError: Command 'tank' raised an exception: NotFound: 404 Not Found (error code: 10062): Unknown interaction
2026-03-15 23:09:30,767 [ERROR] Task exception was never retrieved
future: <Task finished name='CommandTree-invoker' coro=<CommandTree._from_interaction.<locals>.wrapper() done, defined at /home/ukhan/tankpit-bot-legacy/venv/lib/python3.12/site-packages/discord/app_commands/tree.py:1136> exception=NotFound('404 Not Found (error code: 10062): Unknown interaction')>
Traceback (most recent call last):
  File "/home/ukhan/tankpit-bot-legacy/venv/lib/python3.12/site-packages/discord/app_commands/commands.py", line 859, in _do_call
    return await self._callback(interaction, **params)  # type: ignore
           ^^^^^^^^^^^^^^^^^^^^^^^^^^^^^^^^^^^^^^^^^^^
  File "/home/ukhan/tankpit-bot-legacy/bot.py", line 488, in tank_lookup
    await interaction.response.defer(ephemeral=True)
  File "/home/ukhan/tankpit-bot-legacy/venv/lib/python3.12/site-packages/discord/interactions.py", line 858, in defer
    response = await adapter.create_interaction_response(
               ^^^^^^^^^^^^^^^^^^^^^^^^^^^^^^^^^^^^^^^^^^
  File "/home/ukhan/tankpit-bot-legacy/venv/lib/python3.12/site-packages/discord/webhook/async_.py", line 224, in request
    raise NotFound(response, data)
discord.errors.NotFound: 404 Not Found (error code: 10062): Unknown interaction

The above exception was the direct cause of the following exception:

Traceback (most recent call last):
  File "/home/ukhan/tankpit-bot-legacy/venv/lib/python3.12/site-packages/discord/app_commands/tree.py", line 1297, in _call
    await command._invoke_with_namespace(interaction, namespace)
  File "/home/ukhan/tankpit-bot-legacy/venv/lib/python3.12/site-packages/discord/app_commands/commands.py", line 884, in _invoke_with_namespace
    return await self._do_call(interaction, transformed_values)
           ^^^^^^^^^^^^^^^^^^^^^^^^^^^^^^^^^^^^^^^^^^^^^^^^^^^^
  File "/home/ukhan/tankpit-bot-legacy/venv/lib/python3.12/site-packages/discord/app_commands/commands.py", line 877, in _do_call
    raise CommandInvokeError(self, e) from e
discord.app_commands.errors.CommandInvokeError: Command 'tank' raised an exception: NotFound: 404 Not Found (error code: 10062): Unknown interaction

During handling of the above exception, another exception occurred:

Traceback (most recent call last):
  File "/home/ukhan/tankpit-bot-legacy/venv/lib/python3.12/site-packages/discord/app_commands/tree.py", line 1138, in wrapper
    await self._call(interaction)
  File "/home/ukhan/tankpit-bot-legacy/venv/lib/python3.12/site-packages/discord/app_commands/tree.py", line 1301, in _call
    await self.on_error(interaction, e)
  File "/home/ukhan/tankpit-bot-legacy/bot.py", line 546, in on_app_command_error
    await interaction.response.send_message(f"Unexpected error: `{error}`", ephemeral=True)
  File "/home/ukhan/tankpit-bot-legacy/venv/lib/python3.12/site-packages/discord/interactions.py", line 1051, in send_message
    response = await adapter.create_interaction_response(
               ^^^^^^^^^^^^^^^^^^^^^^^^^^^^^^^^^^^^^^^^^^
  File "/home/ukhan/tankpit-bot-legacy/venv/lib/python3.12/site-packages/discord/webhook/async_.py", line 224, in request
    raise NotFound(response, data)
discord.errors.NotFound: 404 Not Found (error code: 10062): Unknown interaction
2026-03-15 23:11:54,937 [WARNING] PyNaCl is not installed, voice will NOT be supported
2026-03-15 23:11:54,940 [WARNING] Privileged message content intent is missing, commands may not work as expected.
2026-03-15 23:11:54,940 [INFO] logging in using static token
2026-03-15 23:11:55,474 [INFO] Shard ID None has connected to Gateway (Session ID: a2d9047f0232625cf684d02eadba0493).
2026-03-15 23:11:57,884 [INFO] Synced 2 command(s) to guild 615551999701811221
2026-03-15 23:11:58,036 [INFO] Synced 2 command(s) to guild 311890399767822359
2026-03-15 23:11:58,036 [INFO] Logged in as TankPitBot#0095
2026-03-16 10:43:45,478 [WARNING] PyNaCl is not installed, voice will NOT be supported
2026-03-16 10:43:45,480 [WARNING] Privileged message content intent is missing, commands may not work as expected.
2026-03-16 10:43:45,480 [INFO] logging in using static token
2026-03-16 10:43:46,902 [INFO] Shard ID None has connected to Gateway (Session ID: 06bf88da8f7b21a972d5a8a54096aabc).
2026-03-16 10:43:49,103 [INFO] Synced 4 command(s) to guild 615551999701811221
2026-03-16 10:43:49,235 [INFO] Synced 4 command(s) to guild 311890399767822359
2026-03-16 10:43:49,235 [INFO] Logged in as TankPitBot#0095
2026-03-16 10:44:04,558 [ERROR] /ask failed for 'Top 10 blue overall': HTTPConnectionPool(host='127.0.0.1', port=8081): Max retries exceeded with url: /v1/embeddings (Caused by NewConnectionError("HTTPConnection(host='127.0.0.1', port=8081): Failed to establish a new connection: [Errno 111] Connection refused"))
Traceback (most recent call last):
  File "/home/ukhan/tankpit-bot-legacy/venv/lib/python3.12/site-packages/urllib3/connection.py", line 204, in _new_conn
    sock = connection.create_connection(
           ^^^^^^^^^^^^^^^^^^^^^^^^^^^^^
  File "/home/ukhan/tankpit-bot-legacy/venv/lib/python3.12/site-packages/urllib3/util/connection.py", line 85, in create_connection
    raise err
  File "/home/ukhan/tankpit-bot-legacy/venv/lib/python3.12/site-packages/urllib3/util/connection.py", line 73, in create_connection
    sock.connect(sa)
ConnectionRefusedError: [Errno 111] Connection refused

The above exception was the direct cause of the following exception:

Traceback (most recent call last):
  File "/home/ukhan/tankpit-bot-legacy/venv/lib/python3.12/site-packages/urllib3/connectionpool.py", line 787, in urlopen
    response = self._make_request(
               ^^^^^^^^^^^^^^^^^^^
  File "/home/ukhan/tankpit-bot-legacy/venv/lib/python3.12/site-packages/urllib3/connectionpool.py", line 493, in _make_request
    conn.request(
  File "/home/ukhan/tankpit-bot-legacy/venv/lib/python3.12/site-packages/urllib3/connection.py", line 500, in request
    self.endheaders()
  File "/usr/lib/python3.12/http/client.py", line 1351, in endheaders
    self._send_output(message_body, encode_chunked=encode_chunked)
  File "/usr/lib/python3.12/http/client.py", line 1111, in _send_output
    self.send(msg)
  File "/usr/lib/python3.12/http/client.py", line 1055, in send
    self.connect()
  File "/home/ukhan/tankpit-bot-legacy/venv/lib/python3.12/site-packages/urllib3/connection.py", line 331, in connect
    self.sock = self._new_conn()
                ^^^^^^^^^^^^^^^^
  File "/home/ukhan/tankpit-bot-legacy/venv/lib/python3.12/site-packages/urllib3/connection.py", line 219, in _new_conn
    raise NewConnectionError(
urllib3.exceptions.NewConnectionError: HTTPConnection(host='127.0.0.1', port=8081): Failed to establish a new connection: [Errno 111] Connection refused

The above exception was the direct cause of the following exception:

Traceback (most recent call last):
  File "/home/ukhan/tankpit-bot-legacy/venv/lib/python3.12/site-packages/requests/adapters.py", line 644, in send
    resp = conn.urlopen(
           ^^^^^^^^^^^^^
  File "/home/ukhan/tankpit-bot-legacy/venv/lib/python3.12/site-packages/urllib3/connectionpool.py", line 841, in urlopen
    retries = retries.increment(
              ^^^^^^^^^^^^^^^^^^
  File "/home/ukhan/tankpit-bot-legacy/venv/lib/python3.12/site-packages/urllib3/util/retry.py", line 535, in increment
    raise MaxRetryError(_pool, url, reason) from reason  # type: ignore[arg-type]
    ^^^^^^^^^^^^^^^^^^^^^^^^^^^^^^^^^^^^^^^^^^^^^^^^^^^
urllib3.exceptions.MaxRetryError: HTTPConnectionPool(host='127.0.0.1', port=8081): Max retries exceeded with url: /v1/embeddings (Caused by NewConnectionError("HTTPConnection(host='127.0.0.1', port=8081): Failed to establish a new connection: [Errno 111] Connection refused"))

During handling of the above exception, another exception occurred:

Traceback (most recent call last):
  File "/home/ukhan/tankpit-bot-legacy/bot.py", line 685, in ask
    answer = await asyncio.to_thread(_rag_query, question)
             ^^^^^^^^^^^^^^^^^^^^^^^^^^^^^^^^^^^^^^^^^^^^^
  File "/usr/lib/python3.12/asyncio/threads.py", line 25, in to_thread
    return await loop.run_in_executor(None, func_call)
           ^^^^^^^^^^^^^^^^^^^^^^^^^^^^^^^^^^^^^^^^^^^
  File "/usr/lib/python3.12/concurrent/futures/thread.py", line 58, in run
    result = self.fn(*self.args, **self.kwargs)
             ^^^^^^^^^^^^^^^^^^^^^^^^^^^^^^^^^^
  File "/home/ukhan/tankpit-bot-legacy/bot.py", line 640, in _rag_query
    embed_resp = requests.post(
                 ^^^^^^^^^^^^^^
  File "/home/ukhan/tankpit-bot-legacy/venv/lib/python3.12/site-packages/requests/api.py", line 115, in post
    return request("post", url, data=data, json=json, **kwargs)
           ^^^^^^^^^^^^^^^^^^^^^^^^^^^^^^^^^^^^^^^^^^^^^^^^^^^^
  File "/home/ukhan/tankpit-bot-legacy/venv/lib/python3.12/site-packages/requests/api.py", line 59, in request
    return session.request(method=method, url=url, **kwargs)
           ^^^^^^^^^^^^^^^^^^^^^^^^^^^^^^^^^^^^^^^^^^^^^^^^^
  File "/home/ukhan/tankpit-bot-legacy/venv/lib/python3.12/site-packages/requests/sessions.py", line 589, in request
    resp = self.send(prep, **send_kwargs)
           ^^^^^^^^^^^^^^^^^^^^^^^^^^^^^^
  File "/home/ukhan/tankpit-bot-legacy/venv/lib/python3.12/site-packages/requests/sessions.py", line 703, in send
    r = adapter.send(request, **kwargs)
        ^^^^^^^^^^^^^^^^^^^^^^^^^^^^^^^
  File "/home/ukhan/tankpit-bot-legacy/venv/lib/python3.12/site-packages/requests/adapters.py", line 677, in send
    raise ConnectionError(e, request=request)
requests.exceptions.ConnectionError: HTTPConnectionPool(host='127.0.0.1', port=8081): Max retries exceeded with url: /v1/embeddings (Caused by NewConnectionError("HTTPConnection(host='127.0.0.1', port=8081): Failed to establish a new connection: [Errno 111] Connection refused"))
2026-03-16 10:45:24,766 [ERROR] /ask failed for 'Top 10 blue overall': HTTPConnectionPool(host='127.0.0.1', port=8080): Max retries exceeded with url: /v1/chat/completions (Caused by NewConnectionError("HTTPConnection(host='127.0.0.1', port=8080): Failed to establish a new connection: [Errno 111] Connection refused"))
Traceback (most recent call last):
  File "/home/ukhan/tankpit-bot-legacy/venv/lib/python3.12/site-packages/urllib3/connection.py", line 204, in _new_conn
    sock = connection.create_connection(
           ^^^^^^^^^^^^^^^^^^^^^^^^^^^^^
  File "/home/ukhan/tankpit-bot-legacy/venv/lib/python3.12/site-packages/urllib3/util/connection.py", line 85, in create_connection
    raise err
  File "/home/ukhan/tankpit-bot-legacy/venv/lib/python3.12/site-packages/urllib3/util/connection.py", line 73, in create_connection
    sock.connect(sa)
ConnectionRefusedError: [Errno 111] Connection refused

The above exception was the direct cause of the following exception:

Traceback (most recent call last):
  File "/home/ukhan/tankpit-bot-legacy/venv/lib/python3.12/site-packages/urllib3/connectionpool.py", line 787, in urlopen
    response = self._make_request(
               ^^^^^^^^^^^^^^^^^^^
  File "/home/ukhan/tankpit-bot-legacy/venv/lib/python3.12/site-packages/urllib3/connectionpool.py", line 493, in _make_request
    conn.request(
  File "/home/ukhan/tankpit-bot-legacy/venv/lib/python3.12/site-packages/urllib3/connection.py", line 500, in request
    self.endheaders()
  File "/usr/lib/python3.12/http/client.py", line 1351, in endheaders
    self._send_output(message_body, encode_chunked=encode_chunked)
  File "/usr/lib/python3.12/http/client.py", line 1111, in _send_output
    self.send(msg)
  File "/usr/lib/python3.12/http/client.py", line 1055, in send
    self.connect()
  File "/home/ukhan/tankpit-bot-legacy/venv/lib/python3.12/site-packages/urllib3/connection.py", line 331, in connect
    self.sock = self._new_conn()
                ^^^^^^^^^^^^^^^^
  File "/home/ukhan/tankpit-bot-legacy/venv/lib/python3.12/site-packages/urllib3/connection.py", line 219, in _new_conn
    raise NewConnectionError(
urllib3.exceptions.NewConnectionError: HTTPConnection(host='127.0.0.1', port=8080): Failed to establish a new connection: [Errno 111] Connection refused

The above exception was the direct cause of the following exception:

Traceback (most recent call last):
  File "/home/ukhan/tankpit-bot-legacy/venv/lib/python3.12/site-packages/requests/adapters.py", line 644, in send
    resp = conn.urlopen(
           ^^^^^^^^^^^^^
  File "/home/ukhan/tankpit-bot-legacy/venv/lib/python3.12/site-packages/urllib3/connectionpool.py", line 841, in urlopen
    retries = retries.increment(
              ^^^^^^^^^^^^^^^^^^
  File "/home/ukhan/tankpit-bot-legacy/venv/lib/python3.12/site-packages/urllib3/util/retry.py", line 535, in increment
    raise MaxRetryError(_pool, url, reason) from reason  # type: ignore[arg-type]
    ^^^^^^^^^^^^^^^^^^^^^^^^^^^^^^^^^^^^^^^^^^^^^^^^^^^
urllib3.exceptions.MaxRetryError: HTTPConnectionPool(host='127.0.0.1', port=8080): Max retries exceeded with url: /v1/chat/completions (Caused by NewConnectionError("HTTPConnection(host='127.0.0.1', port=8080): Failed to establish a new connection: [Errno 111] Connection refused"))

During handling of the above exception, another exception occurred:

Traceback (most recent call last):
  File "/home/ukhan/tankpit-bot-legacy/bot.py", line 685, in ask
    answer = await asyncio.to_thread(_rag_query, question)
             ^^^^^^^^^^^^^^^^^^^^^^^^^^^^^^^^^^^^^^^^^^^^^
  File "/usr/lib/python3.12/asyncio/threads.py", line 25, in to_thread
    return await loop.run_in_executor(None, func_call)
           ^^^^^^^^^^^^^^^^^^^^^^^^^^^^^^^^^^^^^^^^^^^
  File "/usr/lib/python3.12/concurrent/futures/thread.py", line 58, in run
    result = self.fn(*self.args, **self.kwargs)
             ^^^^^^^^^^^^^^^^^^^^^^^^^^^^^^^^^^
  File "/home/ukhan/tankpit-bot-legacy/bot.py", line 661, in _rag_query
    llm_resp = requests.post(
               ^^^^^^^^^^^^^^
  File "/home/ukhan/tankpit-bot-legacy/venv/lib/python3.12/site-packages/requests/api.py", line 115, in post
    return request("post", url, data=data, json=json, **kwargs)
           ^^^^^^^^^^^^^^^^^^^^^^^^^^^^^^^^^^^^^^^^^^^^^^^^^^^^
  File "/home/ukhan/tankpit-bot-legacy/venv/lib/python3.12/site-packages/requests/api.py", line 59, in request
    return session.request(method=method, url=url, **kwargs)
           ^^^^^^^^^^^^^^^^^^^^^^^^^^^^^^^^^^^^^^^^^^^^^^^^^
  File "/home/ukhan/tankpit-bot-legacy/venv/lib/python3.12/site-packages/requests/sessions.py", line 589, in request
    resp = self.send(prep, **send_kwargs)
           ^^^^^^^^^^^^^^^^^^^^^^^^^^^^^^
  File "/home/ukhan/tankpit-bot-legacy/venv/lib/python3.12/site-packages/requests/sessions.py", line 703, in send
    r = adapter.send(request, **kwargs)
        ^^^^^^^^^^^^^^^^^^^^^^^^^^^^^^^
  File "/home/ukhan/tankpit-bot-legacy/venv/lib/python3.12/site-packages/requests/adapters.py", line 677, in send
    raise ConnectionError(e, request=request)
requests.exceptions.ConnectionError: HTTPConnectionPool(host='127.0.0.1', port=8080): Max retries exceeded with url: /v1/chat/completions (Caused by NewConnectionError("HTTPConnection(host='127.0.0.1', port=8080): Failed to establish a new connection: [Errno 111] Connection refused"))
2026-03-16 10:45:40,760 [ERROR] /ask failed for 'Top ten leaderboard': HTTPConnectionPool(host='127.0.0.1', port=8080): Max retries exceeded with url: /v1/chat/completions (Caused by NewConnectionError("HTTPConnection(host='127.0.0.1', port=8080): Failed to establish a new connection: [Errno 111] Connection refused"))
Traceback (most recent call last):
  File "/home/ukhan/tankpit-bot-legacy/venv/lib/python3.12/site-packages/urllib3/connection.py", line 204, in _new_conn
    sock = connection.create_connection(
           ^^^^^^^^^^^^^^^^^^^^^^^^^^^^^
  File "/home/ukhan/tankpit-bot-legacy/venv/lib/python3.12/site-packages/urllib3/util/connection.py", line 85, in create_connection
    raise err
  File "/home/ukhan/tankpit-bot-legacy/venv/lib/python3.12/site-packages/urllib3/util/connection.py", line 73, in create_connection
    sock.connect(sa)
ConnectionRefusedError: [Errno 111] Connection refused

The above exception was the direct cause of the following exception:

Traceback (most recent call last):
  File "/home/ukhan/tankpit-bot-legacy/venv/lib/python3.12/site-packages/urllib3/connectionpool.py", line 787, in urlopen
    response = self._make_request(
               ^^^^^^^^^^^^^^^^^^^
  File "/home/ukhan/tankpit-bot-legacy/venv/lib/python3.12/site-packages/urllib3/connectionpool.py", line 493, in _make_request
    conn.request(
  File "/home/ukhan/tankpit-bot-legacy/venv/lib/python3.12/site-packages/urllib3/connection.py", line 500, in request
    self.endheaders()
  File "/usr/lib/python3.12/http/client.py", line 1351, in endheaders
    self._send_output(message_body, encode_chunked=encode_chunked)
  File "/usr/lib/python3.12/http/client.py", line 1111, in _send_output
    self.send(msg)
  File "/usr/lib/python3.12/http/client.py", line 1055, in send
    self.connect()
  File "/home/ukhan/tankpit-bot-legacy/venv/lib/python3.12/site-packages/urllib3/connection.py", line 331, in connect
    self.sock = self._new_conn()
                ^^^^^^^^^^^^^^^^
  File "/home/ukhan/tankpit-bot-legacy/venv/lib/python3.12/site-packages/urllib3/connection.py", line 219, in _new_conn
    raise NewConnectionError(
urllib3.exceptions.NewConnectionError: HTTPConnection(host='127.0.0.1', port=8080): Failed to establish a new connection: [Errno 111] Connection refused

The above exception was the direct cause of the following exception:

Traceback (most recent call last):
  File "/home/ukhan/tankpit-bot-legacy/venv/lib/python3.12/site-packages/requests/adapters.py", line 644, in send
    resp = conn.urlopen(
           ^^^^^^^^^^^^^
  File "/home/ukhan/tankpit-bot-legacy/venv/lib/python3.12/site-packages/urllib3/connectionpool.py", line 841, in urlopen
    retries = retries.increment(
              ^^^^^^^^^^^^^^^^^^
  File "/home/ukhan/tankpit-bot-legacy/venv/lib/python3.12/site-packages/urllib3/util/retry.py", line 535, in increment
    raise MaxRetryError(_pool, url, reason) from reason  # type: ignore[arg-type]
    ^^^^^^^^^^^^^^^^^^^^^^^^^^^^^^^^^^^^^^^^^^^^^^^^^^^
urllib3.exceptions.MaxRetryError: HTTPConnectionPool(host='127.0.0.1', port=8080): Max retries exceeded with url: /v1/chat/completions (Caused by NewConnectionError("HTTPConnection(host='127.0.0.1', port=8080): Failed to establish a new connection: [Errno 111] Connection refused"))

During handling of the above exception, another exception occurred:

Traceback (most recent call last):
  File "/home/ukhan/tankpit-bot-legacy/bot.py", line 685, in ask
    answer = await asyncio.to_thread(_rag_query, question)
             ^^^^^^^^^^^^^^^^^^^^^^^^^^^^^^^^^^^^^^^^^^^^^
  File "/usr/lib/python3.12/asyncio/threads.py", line 25, in to_thread
    return await loop.run_in_executor(None, func_call)
           ^^^^^^^^^^^^^^^^^^^^^^^^^^^^^^^^^^^^^^^^^^^
  File "/usr/lib/python3.12/concurrent/futures/thread.py", line 58, in run
    result = self.fn(*self.args, **self.kwargs)
             ^^^^^^^^^^^^^^^^^^^^^^^^^^^^^^^^^^
  File "/home/ukhan/tankpit-bot-legacy/bot.py", line 661, in _rag_query
    llm_resp = requests.post(
               ^^^^^^^^^^^^^^
  File "/home/ukhan/tankpit-bot-legacy/venv/lib/python3.12/site-packages/requests/api.py", line 115, in post
    return request("post", url, data=data, json=json, **kwargs)
           ^^^^^^^^^^^^^^^^^^^^^^^^^^^^^^^^^^^^^^^^^^^^^^^^^^^^
  File "/home/ukhan/tankpit-bot-legacy/venv/lib/python3.12/site-packages/requests/api.py", line 59, in request
    return session.request(method=method, url=url, **kwargs)
           ^^^^^^^^^^^^^^^^^^^^^^^^^^^^^^^^^^^^^^^^^^^^^^^^^
  File "/home/ukhan/tankpit-bot-legacy/venv/lib/python3.12/site-packages/requests/sessions.py", line 589, in request
    resp = self.send(prep, **send_kwargs)
           ^^^^^^^^^^^^^^^^^^^^^^^^^^^^^^
  File "/home/ukhan/tankpit-bot-legacy/venv/lib/python3.12/site-packages/requests/sessions.py", line 703, in send
    r = adapter.send(request, **kwargs)
        ^^^^^^^^^^^^^^^^^^^^^^^^^^^^^^^
  File "/home/ukhan/tankpit-bot-legacy/venv/lib/python3.12/site-packages/requests/adapters.py", line 677, in send
    raise ConnectionError(e, request=request)
requests.exceptions.ConnectionError: HTTPConnectionPool(host='127.0.0.1', port=8080): Max retries exceeded with url: /v1/chat/completions (Caused by NewConnectionError("HTTPConnection(host='127.0.0.1', port=8080): Failed to establish a new connection: [Errno 111] Connection refused"))
2026-03-16 10:46:45,566 [INFO] /ask: q='Top ten leaderboard' private=False
2026-03-16 10:46:58,489 [INFO] /ask: q='Who is Grimlock' private=False
2026-03-16 10:54:13,257 [WARNING] PyNaCl is not installed, voice will NOT be supported
2026-03-16 10:54:13,259 [WARNING] Privileged message content intent is missing, commands may not work as expected.
2026-03-16 10:54:13,260 [INFO] logging in using static token
2026-03-16 10:54:13,907 [INFO] Shard ID None has connected to Gateway (Session ID: 509f4af14e2e0fbc61a6c16d2b939fda).
2026-03-16 10:54:16,012 [INFO] Synced 4 command(s) to guild 615551999701811221
2026-03-16 10:54:16,121 [INFO] Synced 4 command(s) to guild 311890399767822359
2026-03-16 10:54:16,121 [INFO] Logged in as TankPitBot#0095
2026-03-16 11:00:08,978 [INFO] /leaderboard: year=overall top=25
2026-03-16 11:00:33,402 [INFO] /ask: q='What awards are in tankpit' private=False
2026-03-16 11:00:53,795 [INFO] /award: Grimlock | awards=['single_star'] | color=Purple | size=Default
2026-03-16 12:24:02,074 [ERROR] Unhandled app command error: Command 'award' raised an exception: NotFound: 404 Not Found (error code: 10062): Unknown interaction
Traceback (most recent call last):
  File "/home/ukhan/tankpit-bot-legacy/venv/lib/python3.12/site-packages/discord/app_commands/commands.py", line 859, in _do_call
    return await self._callback(interaction, **params)  # type: ignore
           ^^^^^^^^^^^^^^^^^^^^^^^^^^^^^^^^^^^^^^^^^^^
  File "/home/ukhan/tankpit-bot-legacy/bot.py", line 368, in award
    await interaction.response.send_message(_award_content(name), view=view, ephemeral=True)
  File "/home/ukhan/tankpit-bot-legacy/venv/lib/python3.12/site-packages/discord/interactions.py", line 1051, in send_message
    response = await adapter.create_interaction_response(
               ^^^^^^^^^^^^^^^^^^^^^^^^^^^^^^^^^^^^^^^^^^
  File "/home/ukhan/tankpit-bot-legacy/venv/lib/python3.12/site-packages/discord/webhook/async_.py", line 224, in request
    raise NotFound(response, data)
discord.errors.NotFound: 404 Not Found (error code: 10062): Unknown interaction

The above exception was the direct cause of the following exception:

Traceback (most recent call last):
  File "/home/ukhan/tankpit-bot-legacy/venv/lib/python3.12/site-packages/discord/app_commands/tree.py", line 1297, in _call
    await command._invoke_with_namespace(interaction, namespace)
  File "/home/ukhan/tankpit-bot-legacy/venv/lib/python3.12/site-packages/discord/app_commands/commands.py", line 884, in _invoke_with_namespace
    return await self._do_call(interaction, transformed_values)
           ^^^^^^^^^^^^^^^^^^^^^^^^^^^^^^^^^^^^^^^^^^^^^^^^^^^^
  File "/home/ukhan/tankpit-bot-legacy/venv/lib/python3.12/site-packages/discord/app_commands/commands.py", line 877, in _do_call
    raise CommandInvokeError(self, e) from e
discord.app_commands.errors.CommandInvokeError: Command 'award' raised an exception: NotFound: 404 Not Found (error code: 10062): Unknown interaction
2026-03-16 12:24:02,140 [ERROR] Task exception was never retrieved
future: <Task finished name='CommandTree-invoker' coro=<CommandTree._from_interaction.<locals>.wrapper() done, defined at /home/ukhan/tankpit-bot-legacy/venv/lib/python3.12/site-packages/discord/app_commands/tree.py:1136> exception=NotFound('404 Not Found (error code: 10062): Unknown interaction')>
Traceback (most recent call last):
  File "/home/ukhan/tankpit-bot-legacy/venv/lib/python3.12/site-packages/discord/app_commands/commands.py", line 859, in _do_call
    return await self._callback(interaction, **params)  # type: ignore
           ^^^^^^^^^^^^^^^^^^^^^^^^^^^^^^^^^^^^^^^^^^^
  File "/home/ukhan/tankpit-bot-legacy/bot.py", line 368, in award
    await interaction.response.send_message(_award_content(name), view=view, ephemeral=True)
  File "/home/ukhan/tankpit-bot-legacy/venv/lib/python3.12/site-packages/discord/interactions.py", line 1051, in send_message
    response = await adapter.create_interaction_response(
               ^^^^^^^^^^^^^^^^^^^^^^^^^^^^^^^^^^^^^^^^^^
  File "/home/ukhan/tankpit-bot-legacy/venv/lib/python3.12/site-packages/discord/webhook/async_.py", line 224, in request
    raise NotFound(response, data)
discord.errors.NotFound: 404 Not Found (error code: 10062): Unknown interaction

The above exception was the direct cause of the following exception:

Traceback (most recent call last):
  File "/home/ukhan/tankpit-bot-legacy/venv/lib/python3.12/site-packages/discord/app_commands/tree.py", line 1297, in _call
    await command._invoke_with_namespace(interaction, namespace)
  File "/home/ukhan/tankpit-bot-legacy/venv/lib/python3.12/site-packages/discord/app_commands/commands.py", line 884, in _invoke_with_namespace
    return await self._do_call(interaction, transformed_values)
           ^^^^^^^^^^^^^^^^^^^^^^^^^^^^^^^^^^^^^^^^^^^^^^^^^^^^
  File "/home/ukhan/tankpit-bot-legacy/venv/lib/python3.12/site-packages/discord/app_commands/commands.py", line 877, in _do_call
    raise CommandInvokeError(self, e) from e
discord.app_commands.errors.CommandInvokeError: Command 'award' raised an exception: NotFound: 404 Not Found (error code: 10062): Unknown interaction

During handling of the above exception, another exception occurred:

Traceback (most recent call last):
  File "/home/ukhan/tankpit-bot-legacy/venv/lib/python3.12/site-packages/discord/app_commands/tree.py", line 1138, in wrapper
    await self._call(interaction)
  File "/home/ukhan/tankpit-bot-legacy/venv/lib/python3.12/site-packages/discord/app_commands/tree.py", line 1301, in _call
    await self.on_error(interaction, e)
  File "/home/ukhan/tankpit-bot-legacy/bot.py", line 714, in on_app_command_error
    await interaction.response.send_message(f"Unexpected error: `{error}`", ephemeral=True)
  File "/home/ukhan/tankpit-bot-legacy/venv/lib/python3.12/site-packages/discord/interactions.py", line 1051, in send_message
    response = await adapter.create_interaction_response(
               ^^^^^^^^^^^^^^^^^^^^^^^^^^^^^^^^^^^^^^^^^^
  File "/home/ukhan/tankpit-bot-legacy/venv/lib/python3.12/site-packages/discord/webhook/async_.py", line 224, in request
    raise NotFound(response, data)
discord.errors.NotFound: 404 Not Found (error code: 10062): Unknown interaction
2026-03-16 12:27:36,887 [INFO] /award: Grimlock | awards=['triple_star', 'bronze_tank', 'combat_honor', 'bronze_cup', 'purple_heart', 'lightbulb'] | color=Blue | size=Large
2026-03-16 12:28:32,242 [INFO] /ask: q='Top ten overall ranking' private=False
2026-03-16 12:30:53,187 [INFO] /leaderboard: year=2026 top=10
2026-03-16 12:46:37,587 [WARNING] PyNaCl is not installed, voice will NOT be supported
2026-03-16 12:46:37,590 [WARNING] Privileged message content intent is missing, commands may not work as expected.
2026-03-16 12:46:37,591 [INFO] logging in using static token
2026-03-16 12:46:38,195 [INFO] Shard ID None has connected to Gateway (Session ID: 48365f10ba4a84b5a602076c99888fc4).
2026-03-16 12:46:40,314 [INFO] Synced 4 command(s) to guild 615551999701811221
2026-03-16 12:46:40,444 [INFO] Synced 4 command(s) to guild 311890399767822359
2026-03-16 12:46:40,444 [INFO] Logged in as TankPitBot#0095
2026-03-16 12:48:19,047 [WARNING] PyNaCl is not installed, voice will NOT be supported
2026-03-16 12:48:19,051 [WARNING] Privileged message content intent is missing, commands may not work as expected.
2026-03-16 12:48:19,051 [INFO] logging in using static token
2026-03-16 12:48:19,611 [INFO] Shard ID None has connected to Gateway (Session ID: 54b6a59098f349cbf5f4bf4470cc0dff).
2026-03-16 12:48:21,761 [INFO] Synced 4 command(s) to guild 615551999701811221
2026-03-16 12:48:21,858 [INFO] Synced 4 command(s) to guild 311890399767822359
2026-03-16 12:48:21,858 [INFO] Logged in as TankPitBot#0095
2026-03-16 12:52:08,668 [WARNING] PyNaCl is not installed, voice will NOT be supported
2026-03-16 12:52:08,671 [WARNING] Privileged message content intent is missing, commands may not work as expected.
2026-03-16 12:52:08,672 [INFO] logging in using static token
2026-03-16 12:52:09,604 [INFO] Shard ID None has connected to Gateway (Session ID: 575f95f0c3df81e7b52340480936e2b1).
2026-03-16 12:52:11,710 [INFO] Synced 4 command(s) to guild 615551999701811221
2026-03-16 12:52:11,825 [INFO] Synced 4 command(s) to guild 311890399767822359
2026-03-16 12:52:11,825 [INFO] Logged in as TankPitBot#0095
2026-03-16 12:54:12,187 [WARNING] PyNaCl is not installed, voice will NOT be supported
2026-03-16 12:54:12,189 [WARNING] Privileged message content intent is missing, commands may not work as expected.
2026-03-16 12:54:12,190 [INFO] logging in using static token
2026-03-16 12:54:13,102 [INFO] Shard ID None has connected to Gateway (Session ID: 7eb69e47ba85bdf75d280f4cf5b4bc8b).
2026-03-16 12:54:15,339 [INFO] Synced 5 command(s) to guild 615551999701811221
2026-03-16 12:54:15,484 [INFO] Synced 5 command(s) to guild 311890399767822359
2026-03-16 12:54:15,485 [INFO] Logged in as TankPitBot#0095
2026-03-16 12:54:41,115 [ERROR] Unhandled app command error: Application command 'help' not found
Traceback (most recent call last):
  File "/home/ukhan/tankpit-bot-legacy/venv/lib/python3.12/site-packages/discord/app_commands/tree.py", line 1138, in wrapper
    await self._call(interaction)
  File "/home/ukhan/tankpit-bot-legacy/venv/lib/python3.12/site-packages/discord/app_commands/tree.py", line 1270, in _call
    command, options = self._get_app_command_options(data)
                       ^^^^^^^^^^^^^^^^^^^^^^^^^^^^^^^^^^^
  File "/home/ukhan/tankpit-bot-legacy/venv/lib/python3.12/site-packages/discord/app_commands/tree.py", line 1174, in _get_app_command_options
    raise CommandNotFound(name, parents)
discord.app_commands.errors.CommandNotFound: Application command 'help' not found
2026-03-16 12:54:41,220 [ERROR] Task exception was never retrieved
future: <Task finished name='CommandTree-invoker' coro=<CommandTree._from_interaction.<locals>.wrapper() done, defined at /home/ukhan/tankpit-bot-legacy/venv/lib/python3.12/site-packages/discord/app_commands/tree.py:1136> exception=NotFound('404 Not Found (error code: 10062): Unknown interaction')>
Traceback (most recent call last):
  File "/home/ukhan/tankpit-bot-legacy/venv/lib/python3.12/site-packages/discord/app_commands/tree.py", line 1138, in wrapper
    await self._call(interaction)
  File "/home/ukhan/tankpit-bot-legacy/venv/lib/python3.12/site-packages/discord/app_commands/tree.py", line 1270, in _call
    command, options = self._get_app_command_options(data)
                       ^^^^^^^^^^^^^^^^^^^^^^^^^^^^^^^^^^^
  File "/home/ukhan/tankpit-bot-legacy/venv/lib/python3.12/site-packages/discord/app_commands/tree.py", line 1174, in _get_app_command_options
    raise CommandNotFound(name, parents)
discord.app_commands.errors.CommandNotFound: Application command 'help' not found

During handling of the above exception, another exception occurred:

Traceback (most recent call last):
  File "/home/ukhan/tankpit-bot-legacy/venv/lib/python3.12/site-packages/discord/app_commands/tree.py", line 1140, in wrapper
    await self._dispatch_error(interaction, e)
  File "/home/ukhan/tankpit-bot-legacy/venv/lib/python3.12/site-packages/discord/app_commands/tree.py", line 1133, in _dispatch_error
    await self.on_error(interaction, error)
  File "/home/ukhan/tankpit-bot-legacy/bot.py", line 877, in on_app_command_error
    inline=False,
  File "/home/ukhan/tankpit-bot-legacy/venv/lib/python3.12/site-packages/discord/interactions.py", line 1051, in send_message
    response = await adapter.create_interaction_response(
               ^^^^^^^^^^^^^^^^^^^^^^^^^^^^^^^^^^^^^^^^^^
  File "/home/ukhan/tankpit-bot-legacy/venv/lib/python3.12/site-packages/discord/webhook/async_.py", line 224, in request
    raise NotFound(response, data)
discord.errors.NotFound: 404 Not Found (error code: 10062): Unknown interaction
2026-03-16 12:54:59,048 [ERROR] Unhandled app command error: Command 'leaderboard' raised an exception: NotFound: 404 Not Found (error code: 10062): Unknown interaction
Traceback (most recent call last):
  File "/home/ukhan/tankpit-bot-legacy/venv/lib/python3.12/site-packages/discord/app_commands/commands.py", line 859, in _do_call
    return await self._callback(interaction, **params)  # type: ignore
           ^^^^^^^^^^^^^^^^^^^^^^^^^^^^^^^^^^^^^^^^^^^
  File "/home/ukhan/tankpit-bot-legacy/bot.py", line 730, in leaderboard
    await interaction.response.defer()
  File "/home/ukhan/tankpit-bot-legacy/venv/lib/python3.12/site-packages/discord/interactions.py", line 858, in defer
    response = await adapter.create_interaction_response(
               ^^^^^^^^^^^^^^^^^^^^^^^^^^^^^^^^^^^^^^^^^^
  File "/home/ukhan/tankpit-bot-legacy/venv/lib/python3.12/site-packages/discord/webhook/async_.py", line 224, in request
    raise NotFound(response, data)
discord.errors.NotFound: 404 Not Found (error code: 10062): Unknown interaction

The above exception was the direct cause of the following exception:

Traceback (most recent call last):
  File "/home/ukhan/tankpit-bot-legacy/venv/lib/python3.12/site-packages/discord/app_commands/tree.py", line 1297, in _call
    await command._invoke_with_namespace(interaction, namespace)
  File "/home/ukhan/tankpit-bot-legacy/venv/lib/python3.12/site-packages/discord/app_commands/commands.py", line 884, in _invoke_with_namespace
    return await self._do_call(interaction, transformed_values)
           ^^^^^^^^^^^^^^^^^^^^^^^^^^^^^^^^^^^^^^^^^^^^^^^^^^^^
  File "/home/ukhan/tankpit-bot-legacy/venv/lib/python3.12/site-packages/discord/app_commands/commands.py", line 877, in _do_call
    raise CommandInvokeError(self, e) from e
discord.app_commands.errors.CommandInvokeError: Command 'leaderboard' raised an exception: NotFound: 404 Not Found (error code: 10062): Unknown interaction
2026-03-16 12:54:59,103 [ERROR] Task exception was never retrieved
future: <Task finished name='CommandTree-invoker' coro=<CommandTree._from_interaction.<locals>.wrapper() done, defined at /home/ukhan/tankpit-bot-legacy/venv/lib/python3.12/site-packages/discord/app_commands/tree.py:1136> exception=HTTPException('400 Bad Request (error code: 40060): Interaction has already been acknowledged.')>
Traceback (most recent call last):
  File "/home/ukhan/tankpit-bot-legacy/venv/lib/python3.12/site-packages/discord/app_commands/commands.py", line 859, in _do_call
    return await self._callback(interaction, **params)  # type: ignore
           ^^^^^^^^^^^^^^^^^^^^^^^^^^^^^^^^^^^^^^^^^^^
  File "/home/ukhan/tankpit-bot-legacy/bot.py", line 730, in leaderboard
    await interaction.response.defer()
  File "/home/ukhan/tankpit-bot-legacy/venv/lib/python3.12/site-packages/discord/interactions.py", line 858, in defer
    response = await adapter.create_interaction_response(
               ^^^^^^^^^^^^^^^^^^^^^^^^^^^^^^^^^^^^^^^^^^
  File "/home/ukhan/tankpit-bot-legacy/venv/lib/python3.12/site-packages/discord/webhook/async_.py", line 224, in request
    raise NotFound(response, data)
discord.errors.NotFound: 404 Not Found (error code: 10062): Unknown interaction

The above exception was the direct cause of the following exception:

Traceback (most recent call last):
  File "/home/ukhan/tankpit-bot-legacy/venv/lib/python3.12/site-packages/discord/app_commands/tree.py", line 1297, in _call
    await command._invoke_with_namespace(interaction, namespace)
  File "/home/ukhan/tankpit-bot-legacy/venv/lib/python3.12/site-packages/discord/app_commands/commands.py", line 884, in _invoke_with_namespace
    return await self._do_call(interaction, transformed_values)
           ^^^^^^^^^^^^^^^^^^^^^^^^^^^^^^^^^^^^^^^^^^^^^^^^^^^^
  File "/home/ukhan/tankpit-bot-legacy/venv/lib/python3.12/site-packages/discord/app_commands/commands.py", line 877, in _do_call
    raise CommandInvokeError(self, e) from e
discord.app_commands.errors.CommandInvokeError: Command 'leaderboard' raised an exception: NotFound: 404 Not Found (error code: 10062): Unknown interaction

During handling of the above exception, another exception occurred:

Traceback (most recent call last):
  File "/home/ukhan/tankpit-bot-legacy/venv/lib/python3.12/site-packages/discord/app_commands/tree.py", line 1138, in wrapper
    await self._call(interaction)
  File "/home/ukhan/tankpit-bot-legacy/venv/lib/python3.12/site-packages/discord/app_commands/tree.py", line 1301, in _call
    await self.on_error(interaction, e)
  File "/home/ukhan/tankpit-bot-legacy/bot.py", line 913, in on_app_command_error
    await interaction.response.send_message(f"Unexpected error: `{error}`", ephemeral=True)
  File "/home/ukhan/tankpit-bot-legacy/venv/lib/python3.12/site-packages/discord/interactions.py", line 1051, in send_message
    response = await adapter.create_interaction_response(
               ^^^^^^^^^^^^^^^^^^^^^^^^^^^^^^^^^^^^^^^^^^
  File "/home/ukhan/tankpit-bot-legacy/venv/lib/python3.12/site-packages/discord/webhook/async_.py", line 226, in request
    raise HTTPException(response, data)
discord.errors.HTTPException: 400 Bad Request (error code: 40060): Interaction has already been acknowledged.
2026-03-16 12:55:00,291 [INFO] /leaderboard: year=overall top=10
2026-03-16 12:55:27,120 [ERROR] Unhandled app command error: Command 'leaderboard' raised an exception: NotFound: 404 Not Found (error code: 10062): Unknown interaction
Traceback (most recent call last):
  File "/home/ukhan/tankpit-bot-legacy/venv/lib/python3.12/site-packages/discord/app_commands/commands.py", line 859, in _do_call
    return await self._callback(interaction, **params)  # type: ignore
           ^^^^^^^^^^^^^^^^^^^^^^^^^^^^^^^^^^^^^^^^^^^
  File "/home/ukhan/tankpit-bot-legacy/bot.py", line 730, in leaderboard
    await interaction.response.defer()
  File "/home/ukhan/tankpit-bot-legacy/venv/lib/python3.12/site-packages/discord/interactions.py", line 858, in defer
    response = await adapter.create_interaction_response(
               ^^^^^^^^^^^^^^^^^^^^^^^^^^^^^^^^^^^^^^^^^^
  File "/home/ukhan/tankpit-bot-legacy/venv/lib/python3.12/site-packages/discord/webhook/async_.py", line 224, in request
    raise NotFound(response, data)
discord.errors.NotFound: 404 Not Found (error code: 10062): Unknown interaction

The above exception was the direct cause of the following exception:

Traceback (most recent call last):
  File "/home/ukhan/tankpit-bot-legacy/venv/lib/python3.12/site-packages/discord/app_commands/tree.py", line 1297, in _call
    await command._invoke_with_namespace(interaction, namespace)
  File "/home/ukhan/tankpit-bot-legacy/venv/lib/python3.12/site-packages/discord/app_commands/commands.py", line 884, in _invoke_with_namespace
    return await self._do_call(interaction, transformed_values)
           ^^^^^^^^^^^^^^^^^^^^^^^^^^^^^^^^^^^^^^^^^^^^^^^^^^^^
  File "/home/ukhan/tankpit-bot-legacy/venv/lib/python3.12/site-packages/discord/app_commands/commands.py", line 877, in _do_call
    raise CommandInvokeError(self, e) from e
discord.app_commands.errors.CommandInvokeError: Command 'leaderboard' raised an exception: NotFound: 404 Not Found (error code: 10062): Unknown interaction
2026-03-16 12:55:27,208 [ERROR] Task exception was never retrieved
future: <Task finished name='CommandTree-invoker' coro=<CommandTree._from_interaction.<locals>.wrapper() done, defined at /home/ukhan/tankpit-bot-legacy/venv/lib/python3.12/site-packages/discord/app_commands/tree.py:1136> exception=NotFound('404 Not Found (error code: 10062): Unknown interaction')>
Traceback (most recent call last):
  File "/home/ukhan/tankpit-bot-legacy/venv/lib/python3.12/site-packages/discord/app_commands/commands.py", line 859, in _do_call
    return await self._callback(interaction, **params)  # type: ignore
           ^^^^^^^^^^^^^^^^^^^^^^^^^^^^^^^^^^^^^^^^^^^
  File "/home/ukhan/tankpit-bot-legacy/bot.py", line 730, in leaderboard
    await interaction.response.defer()
  File "/home/ukhan/tankpit-bot-legacy/venv/lib/python3.12/site-packages/discord/interactions.py", line 858, in defer
    response = await adapter.create_interaction_response(
               ^^^^^^^^^^^^^^^^^^^^^^^^^^^^^^^^^^^^^^^^^^
  File "/home/ukhan/tankpit-bot-legacy/venv/lib/python3.12/site-packages/discord/webhook/async_.py", line 224, in request
    raise NotFound(response, data)
discord.errors.NotFound: 404 Not Found (error code: 10062): Unknown interaction

The above exception was the direct cause of the following exception:

Traceback (most recent call last):
  File "/home/ukhan/tankpit-bot-legacy/venv/lib/python3.12/site-packages/discord/app_commands/tree.py", line 1297, in _call
    await command._invoke_with_namespace(interaction, namespace)
  File "/home/ukhan/tankpit-bot-legacy/venv/lib/python3.12/site-packages/discord/app_commands/commands.py", line 884, in _invoke_with_namespace
    return await self._do_call(interaction, transformed_values)
           ^^^^^^^^^^^^^^^^^^^^^^^^^^^^^^^^^^^^^^^^^^^^^^^^^^^^
  File "/home/ukhan/tankpit-bot-legacy/venv/lib/python3.12/site-packages/discord/app_commands/commands.py", line 877, in _do_call
    raise CommandInvokeError(self, e) from e
discord.app_commands.errors.CommandInvokeError: Command 'leaderboard' raised an exception: NotFound: 404 Not Found (error code: 10062): Unknown interaction

During handling of the above exception, another exception occurred:

Traceback (most recent call last):
  File "/home/ukhan/tankpit-bot-legacy/venv/lib/python3.12/site-packages/discord/app_commands/tree.py", line 1138, in wrapper
    await self._call(interaction)
  File "/home/ukhan/tankpit-bot-legacy/venv/lib/python3.12/site-packages/discord/app_commands/tree.py", line 1301, in _call
    await self.on_error(interaction, e)
  File "/home/ukhan/tankpit-bot-legacy/bot.py", line 877, in on_app_command_error
    inline=False,
  File "/home/ukhan/tankpit-bot-legacy/venv/lib/python3.12/site-packages/discord/interactions.py", line 1051, in send_message
    response = await adapter.create_interaction_response(
               ^^^^^^^^^^^^^^^^^^^^^^^^^^^^^^^^^^^^^^^^^^
  File "/home/ukhan/tankpit-bot-legacy/venv/lib/python3.12/site-packages/discord/webhook/async_.py", line 224, in request
    raise NotFound(response, data)
discord.errors.NotFound: 404 Not Found (error code: 10062): Unknown interaction
2026-03-16 12:55:28,242 [INFO] /leaderboard: year=overall top=10
2026-03-16 12:55:43,875 [ERROR] Unhandled app command error: Command 'leaderboard' raised an exception: NotFound: 404 Not Found (error code: 10062): Unknown interaction
Traceback (most recent call last):
  File "/home/ukhan/tankpit-bot-legacy/venv/lib/python3.12/site-packages/discord/app_commands/commands.py", line 859, in _do_call
    return await self._callback(interaction, **params)  # type: ignore
           ^^^^^^^^^^^^^^^^^^^^^^^^^^^^^^^^^^^^^^^^^^^
  File "/home/ukhan/tankpit-bot-legacy/bot.py", line 730, in leaderboard
    await interaction.response.defer()
  File "/home/ukhan/tankpit-bot-legacy/venv/lib/python3.12/site-packages/discord/interactions.py", line 858, in defer
    response = await adapter.create_interaction_response(
               ^^^^^^^^^^^^^^^^^^^^^^^^^^^^^^^^^^^^^^^^^^
  File "/home/ukhan/tankpit-bot-legacy/venv/lib/python3.12/site-packages/discord/webhook/async_.py", line 224, in request
    raise NotFound(response, data)
discord.errors.NotFound: 404 Not Found (error code: 10062): Unknown interaction

The above exception was the direct cause of the following exception:

Traceback (most recent call last):
  File "/home/ukhan/tankpit-bot-legacy/venv/lib/python3.12/site-packages/discord/app_commands/tree.py", line 1297, in _call
    await command._invoke_with_namespace(interaction, namespace)
  File "/home/ukhan/tankpit-bot-legacy/venv/lib/python3.12/site-packages/discord/app_commands/commands.py", line 884, in _invoke_with_namespace
    return await self._do_call(interaction, transformed_values)
           ^^^^^^^^^^^^^^^^^^^^^^^^^^^^^^^^^^^^^^^^^^^^^^^^^^^^
  File "/home/ukhan/tankpit-bot-legacy/venv/lib/python3.12/site-packages/discord/app_commands/commands.py", line 877, in _do_call
    raise CommandInvokeError(self, e) from e
discord.app_commands.errors.CommandInvokeError: Command 'leaderboard' raised an exception: NotFound: 404 Not Found (error code: 10062): Unknown interaction
2026-03-16 12:55:43,946 [ERROR] Task exception was never retrieved
future: <Task finished name='CommandTree-invoker' coro=<CommandTree._from_interaction.<locals>.wrapper() done, defined at /home/ukhan/tankpit-bot-legacy/venv/lib/python3.12/site-packages/discord/app_commands/tree.py:1136> exception=NotFound('404 Not Found (error code: 10062): Unknown interaction')>
Traceback (most recent call last):
  File "/home/ukhan/tankpit-bot-legacy/venv/lib/python3.12/site-packages/discord/app_commands/commands.py", line 859, in _do_call
    return await self._callback(interaction, **params)  # type: ignore
           ^^^^^^^^^^^^^^^^^^^^^^^^^^^^^^^^^^^^^^^^^^^
  File "/home/ukhan/tankpit-bot-legacy/bot.py", line 730, in leaderboard
    await interaction.response.defer()
  File "/home/ukhan/tankpit-bot-legacy/venv/lib/python3.12/site-packages/discord/interactions.py", line 858, in defer
    response = await adapter.create_interaction_response(
               ^^^^^^^^^^^^^^^^^^^^^^^^^^^^^^^^^^^^^^^^^^
  File "/home/ukhan/tankpit-bot-legacy/venv/lib/python3.12/site-packages/discord/webhook/async_.py", line 224, in request
    raise NotFound(response, data)
discord.errors.NotFound: 404 Not Found (error code: 10062): Unknown interaction

The above exception was the direct cause of the following exception:

Traceback (most recent call last):
  File "/home/ukhan/tankpit-bot-legacy/venv/lib/python3.12/site-packages/discord/app_commands/tree.py", line 1297, in _call
    await command._invoke_with_namespace(interaction, namespace)
  File "/home/ukhan/tankpit-bot-legacy/venv/lib/python3.12/site-packages/discord/app_commands/commands.py", line 884, in _invoke_with_namespace
    return await self._do_call(interaction, transformed_values)
           ^^^^^^^^^^^^^^^^^^^^^^^^^^^^^^^^^^^^^^^^^^^^^^^^^^^^
  File "/home/ukhan/tankpit-bot-legacy/venv/lib/python3.12/site-packages/discord/app_commands/commands.py", line 877, in _do_call
    raise CommandInvokeError(self, e) from e
discord.app_commands.errors.CommandInvokeError: Command 'leaderboard' raised an exception: NotFound: 404 Not Found (error code: 10062): Unknown interaction

During handling of the above exception, another exception occurred:

Traceback (most recent call last):
  File "/home/ukhan/tankpit-bot-legacy/venv/lib/python3.12/site-packages/discord/app_commands/tree.py", line 1138, in wrapper
    await self._call(interaction)
  File "/home/ukhan/tankpit-bot-legacy/venv/lib/python3.12/site-packages/discord/app_commands/tree.py", line 1301, in _call
    await self.on_error(interaction, e)
  File "/home/ukhan/tankpit-bot-legacy/bot.py", line 913, in on_app_command_error
    await interaction.response.send_message(f"Unexpected error: `{error}`", ephemeral=True)
  File "/home/ukhan/tankpit-bot-legacy/venv/lib/python3.12/site-packages/discord/interactions.py", line 1051, in send_message
    response = await adapter.create_interaction_response(
               ^^^^^^^^^^^^^^^^^^^^^^^^^^^^^^^^^^^^^^^^^^
  File "/home/ukhan/tankpit-bot-legacy/venv/lib/python3.12/site-packages/discord/webhook/async_.py", line 224, in request
    raise NotFound(response, data)
discord.errors.NotFound: 404 Not Found (error code: 10062): Unknown interaction
2026-03-16 12:55:44,814 [INFO] /leaderboard: year=2026 top=25
2026-03-16 12:56:14,005 [ERROR] Unhandled app command error: Command 'ask' raised an exception: NotFound: 404 Not Found (error code: 10062): Unknown interaction
Traceback (most recent call last):
  File "/home/ukhan/tankpit-bot-legacy/venv/lib/python3.12/site-packages/discord/app_commands/commands.py", line 859, in _do_call
    return await self._callback(interaction, **params)  # type: ignore
           ^^^^^^^^^^^^^^^^^^^^^^^^^^^^^^^^^^^^^^^^^^^
  File "/home/ukhan/tankpit-bot-legacy/bot.py", line 828, in ask
    await interaction.response.defer(ephemeral=private)
  File "/home/ukhan/tankpit-bot-legacy/venv/lib/python3.12/site-packages/discord/interactions.py", line 858, in defer
    response = await adapter.create_interaction_response(
               ^^^^^^^^^^^^^^^^^^^^^^^^^^^^^^^^^^^^^^^^^^
  File "/home/ukhan/tankpit-bot-legacy/venv/lib/python3.12/site-packages/discord/webhook/async_.py", line 224, in request
    raise NotFound(response, data)
discord.errors.NotFound: 404 Not Found (error code: 10062): Unknown interaction

The above exception was the direct cause of the following exception:

Traceback (most recent call last):
  File "/home/ukhan/tankpit-bot-legacy/venv/lib/python3.12/site-packages/discord/app_commands/tree.py", line 1297, in _call
    await command._invoke_with_namespace(interaction, namespace)
  File "/home/ukhan/tankpit-bot-legacy/venv/lib/python3.12/site-packages/discord/app_commands/commands.py", line 884, in _invoke_with_namespace
    return await self._do_call(interaction, transformed_values)
           ^^^^^^^^^^^^^^^^^^^^^^^^^^^^^^^^^^^^^^^^^^^^^^^^^^^^
  File "/home/ukhan/tankpit-bot-legacy/venv/lib/python3.12/site-packages/discord/app_commands/commands.py", line 877, in _do_call
    raise CommandInvokeError(self, e) from e
discord.app_commands.errors.CommandInvokeError: Command 'ask' raised an exception: NotFound: 404 Not Found (error code: 10062): Unknown interaction
2026-03-16 12:56:14,069 [ERROR] Task exception was never retrieved
future: <Task finished name='CommandTree-invoker' coro=<CommandTree._from_interaction.<locals>.wrapper() done, defined at /home/ukhan/tankpit-bot-legacy/venv/lib/python3.12/site-packages/discord/app_commands/tree.py:1136> exception=NotFound('404 Not Found (error code: 10062): Unknown interaction')>
Traceback (most recent call last):
  File "/home/ukhan/tankpit-bot-legacy/venv/lib/python3.12/site-packages/discord/app_commands/commands.py", line 859, in _do_call
    return await self._callback(interaction, **params)  # type: ignore
           ^^^^^^^^^^^^^^^^^^^^^^^^^^^^^^^^^^^^^^^^^^^
  File "/home/ukhan/tankpit-bot-legacy/bot.py", line 828, in ask
    await interaction.response.defer(ephemeral=private)
  File "/home/ukhan/tankpit-bot-legacy/venv/lib/python3.12/site-packages/discord/interactions.py", line 858, in defer
    response = await adapter.create_interaction_response(
               ^^^^^^^^^^^^^^^^^^^^^^^^^^^^^^^^^^^^^^^^^^
  File "/home/ukhan/tankpit-bot-legacy/venv/lib/python3.12/site-packages/discord/webhook/async_.py", line 224, in request
    raise NotFound(response, data)
discord.errors.NotFound: 404 Not Found (error code: 10062): Unknown interaction

The above exception was the direct cause of the following exception:

Traceback (most recent call last):
  File "/home/ukhan/tankpit-bot-legacy/venv/lib/python3.12/site-packages/discord/app_commands/tree.py", line 1297, in _call
    await command._invoke_with_namespace(interaction, namespace)
  File "/home/ukhan/tankpit-bot-legacy/venv/lib/python3.12/site-packages/discord/app_commands/commands.py", line 884, in _invoke_with_namespace
    return await self._do_call(interaction, transformed_values)
           ^^^^^^^^^^^^^^^^^^^^^^^^^^^^^^^^^^^^^^^^^^^^^^^^^^^^
  File "/home/ukhan/tankpit-bot-legacy/venv/lib/python3.12/site-packages/discord/app_commands/commands.py", line 877, in _do_call
    raise CommandInvokeError(self, e) from e
discord.app_commands.errors.CommandInvokeError: Command 'ask' raised an exception: NotFound: 404 Not Found (error code: 10062): Unknown interaction

During handling of the above exception, another exception occurred:

Traceback (most recent call last):
  File "/home/ukhan/tankpit-bot-legacy/venv/lib/python3.12/site-packages/discord/app_commands/tree.py", line 1138, in wrapper
    await self._call(interaction)
  File "/home/ukhan/tankpit-bot-legacy/venv/lib/python3.12/site-packages/discord/app_commands/tree.py", line 1301, in _call
    await self.on_error(interaction, e)
  File "/home/ukhan/tankpit-bot-legacy/bot.py", line 877, in on_app_command_error
    inline=False,
  File "/home/ukhan/tankpit-bot-legacy/venv/lib/python3.12/site-packages/discord/interactions.py", line 1051, in send_message
    response = await adapter.create_interaction_response(
               ^^^^^^^^^^^^^^^^^^^^^^^^^^^^^^^^^^^^^^^^^^
  File "/home/ukhan/tankpit-bot-legacy/venv/lib/python3.12/site-packages/discord/webhook/async_.py", line 224, in request
    raise NotFound(response, data)
discord.errors.NotFound: 404 Not Found (error code: 10062): Unknown interaction
2026-03-16 12:56:17,884 [INFO] /ask: q='What is defender of Truth Award' private=False
